<?xml version="1.0" encoding="UTF-8"?>
<!-- Generated by org.testng.reporters.JUnitReportReporter -->
<testsuite skipped="0" hostname="DESKTOP-2DR0QON" name="gurupageobject.Login_Test_case" tests="1" failures="0" timestamp="2019-10-26T07:27:02 CDT" time="1.348" errors="0">
  <testcase name="logintestcase" time="1.348" classname="gurupageobject.Login_Test_case"/>
</testsuite> <!-- gurupageobject.Login_Test_case -->
